Using pre-set license
Built from '2022.3/staging' branch; Version is '2022.3.25f1 (530ae0ba3889) revision 5442272'; Using compiler version '192829333'; Build Type 'Release'
OS: 'Windows 10  (10.0.19045) 64bit Core' Language: 'en' Physical Memory: 16310 MB
BatchMode: 1, IsHumanControllingUs: 0, StartBugReporterOnCrash: 0, Is64bit: 1, IsPro: 1

COMMAND LINE ARGUMENTS:
C:\Program Files\Unity\Hub\Editor\2022.3.25f1\Editor\Unity.exe
-adb2
-batchMode
-noUpm
-name
AssetImportWorker0
-projectPath
C:/Users/Dandee/Desktop/IGB101 Assessment 3 FINAL/IGB101 Group Assessment Final Scenes
-logFile
Logs/AssetImportWorker0.log
-srvPort
60740
Successfully changed project path to: C:/Users/Dandee/Desktop/IGB101 Assessment 3 FINAL/IGB101 Group Assessment Final Scenes
C:/Users/Dandee/Desktop/IGB101 Assessment 3 FINAL/IGB101 Group Assessment Final Scenes
[UnityMemory] Configuration Parameters - Can be set up in boot.config
    "memorysetup-bucket-allocator-granularity=16"
    "memorysetup-bucket-allocator-bucket-count=8"
    "memorysetup-bucket-allocator-block-size=33554432"
    "memorysetup-bucket-allocator-block-count=8"
    "memorysetup-main-allocator-block-size=16777216"
    "memorysetup-thread-allocator-block-size=16777216"
    "memorysetup-gfx-main-allocator-block-size=16777216"
    "memorysetup-gfx-thread-allocator-block-size=16777216"
    "memorysetup-cache-allocator-block-size=4194304"
    "memorysetup-typetree-allocator-block-size=2097152"
    "memorysetup-profiler-bucket-allocator-granularity=16"
    "memorysetup-profiler-bucket-allocator-bucket-count=8"
    "memorysetup-profiler-bucket-allocator-block-size=33554432"
    "memorysetup-profiler-bucket-allocator-block-count=8"
    "memorysetup-profiler-allocator-block-size=16777216"
    "memorysetup-profiler-editor-allocator-block-size=1048576"
    "memorysetup-temp-allocator-size-main=16777216"
    "memorysetup-job-temp-allocator-block-size=2097152"
    "memorysetup-job-temp-allocator-block-size-background=1048576"
    "memorysetup-job-temp-allocator-reduction-small-platforms=262144"
    "memorysetup-allocator-temp-initial-block-size-main=262144"
    "memorysetup-allocator-temp-initial-block-size-worker=262144"
    "memorysetup-temp-allocator-size-background-worker=32768"
    "memorysetup-temp-allocator-size-job-worker=262144"
    "memorysetup-temp-allocator-size-preload-manager=33554432"
    "memorysetup-temp-allocator-size-nav-mesh-worker=65536"
    "memorysetup-temp-allocator-size-audio-worker=65536"
    "memorysetup-temp-allocator-size-cloud-worker=32768"
    "memorysetup-temp-allocator-size-gi-baking-worker=262144"
    "memorysetup-temp-allocator-size-gfx=262144"
Player connection [19948] Host "[IP] 192.168.1.113 [Port] 0 [Flags] 2 [Guid] 2093027388 [EditorId] 2093027388 [Version] 1048832 [Id] WindowsEditor(7,DESKTOP-FR0JSHA) [Debug] 1 [PackageName] WindowsEditor [ProjectName] Editor" joined multi-casting on [225.0.0.222:54997]...

Player connection [19948] Host "[IP] 192.168.1.113 [Port] 0 [Flags] 2 [Guid] 2093027388 [EditorId] 2093027388 [Version] 1048832 [Id] WindowsEditor(7,DESKTOP-FR0JSHA) [Debug] 1 [PackageName] WindowsEditor [ProjectName] Editor" joined alternative multi-casting on [225.0.0.222:34997]...

[Physics::Module] Initialized MultithreadedJobDispatcher with 11 workers.
Refreshing native plugins compatible for Editor in 7.90 ms, found 3 plugins.
Preloading 0 native plugins for Editor in 0.00 ms.
Initialize engine version: 2022.3.25f1 (530ae0ba3889)
[Subsystems] Discovering subsystems at path C:/Program Files/Unity/Hub/Editor/2022.3.25f1/Editor/Data/Resources/UnitySubsystems
[Subsystems] Discovering subsystems at path C:/Users/Dandee/Desktop/IGB101 Assessment 3 FINAL/IGB101 Group Assessment Final Scenes/Assets
GfxDevice: creating device client; threaded=0; jobified=0
Direct3D:
    Version:  Direct3D 11.0 [level 11.1]
    Renderer: NVIDIA GeForce RTX 3060 (ID=0x2487)
    Vendor:   NVIDIA
    VRAM:     12110 MB
    Driver:   32.0.15.5585
Initialize mono
Mono path[0] = 'C:/Program Files/Unity/Hub/Editor/2022.3.25f1/Editor/Data/Managed'
Mono path[1] = 'C:/Program Files/Unity/Hub/Editor/2022.3.25f1/Editor/Data/MonoBleedingEdge/lib/mono/unityjit-win32'
Mono config path = 'C:/Program Files/Unity/Hub/Editor/2022.3.25f1/Editor/Data/MonoBleedingEdge/etc'
Using monoOptions --debugger-agent=transport=dt_socket,embedding=1,server=y,suspend=n,address=127.0.0.1:56156
Begin MonoManager ReloadAssembly
Registering precompiled unity dll's ...
Register platform support module: C:/Program Files/Unity/Hub/Editor/2022.3.25f1/Editor/Data/PlaybackEngines/WebGLSupport/UnityEditor.WebGL.Extensions.dll
Register platform support module: C:/Program Files/Unity/Hub/Editor/2022.3.25f1/Editor/Data/PlaybackEngines/WindowsStandaloneSupport/UnityEditor.WindowsStandalone.Extensions.dll
Registered in 0.008802 seconds.
- Loaded All Assemblies, in  0.285 seconds
Native extension for WindowsStandalone target not found
Native extension for WebGL target not found
Mono: successfully reloaded assembly
- Finished resetting the current domain, in  0.203 seconds
Domain Reload Profiling: 486ms
	BeginReloadAssembly (89ms)
		ExecutionOrderSort (0ms)
		DisableScriptedObjects (0ms)
		BackupInstance (0ms)
		ReleaseScriptingObjects (0ms)
		CreateAndSetChildDomain (1ms)
	RebuildCommonClasses (26ms)
	RebuildNativeTypeToScriptingClass (8ms)
	initialDomainReloadingComplete (51ms)
	LoadAllAssembliesAndSetupDomain (109ms)
		LoadAssemblies (87ms)
		RebuildTransferFunctionScriptingTraits (0ms)
		AnalyzeDomain (107ms)
			TypeCache.Refresh (106ms)
				TypeCache.ScanAssembly (95ms)
			ScanForSourceGeneratedMonoScriptInfo (0ms)
			ResolveRequiredComponents (0ms)
	FinalizeReload (204ms)
		ReleaseScriptCaches (0ms)
		RebuildScriptCaches (0ms)
		SetupLoadedEditorAssemblies (160ms)
			LogAssemblyErrors (0ms)
			InitializePlatformSupportModulesInManaged (8ms)
			SetLoadedEditorAssemblies (4ms)
			RefreshPlugins (0ms)
			BeforeProcessingInitializeOnLoad (2ms)
			ProcessInitializeOnLoadAttributes (110ms)
			ProcessInitializeOnLoadMethodAttributes (36ms)
			AfterProcessingInitializeOnLoad (0ms)
			EditorAssembliesLoaded (0ms)
		ExecutionOrderSort2 (0ms)
		AwakeInstancesAfterBackupRestoration (0ms)
========================================================================
Worker process is ready to serve import requests
Begin MonoManager ReloadAssembly
- Loaded All Assemblies, in  0.528 seconds
Refreshing native plugins compatible for Editor in 3.65 ms, found 3 plugins.
Native extension for WindowsStandalone target not found
Native extension for WebGL target not found
Package Manager log level set to [2]
[Package Manager] Server::EnsureServerProcessIsRunning -- launch failed, reason: Unity was launched with the -noUpm command-line argument
[Package Manager] UpmClient::Send -- Unable to send message (not connected to UPM process).
[Package Manager] Cannot connect to Unity Package Manager local server
Mono: successfully reloaded assembly
- Finished resetting the current domain, in  0.456 seconds
Domain Reload Profiling: 980ms
	BeginReloadAssembly (120ms)
		ExecutionOrderSort (0ms)
		DisableScriptedObjects (5ms)
		BackupInstance (0ms)
		ReleaseScriptingObjects (0ms)
		CreateAndSetChildDomain (19ms)
	RebuildCommonClasses (30ms)
	RebuildNativeTypeToScriptingClass (10ms)
	initialDomainReloadingComplete (35ms)
	LoadAllAssembliesAndSetupDomain (329ms)
		LoadAssemblies (265ms)
		RebuildTransferFunctionScriptingTraits (0ms)
		AnalyzeDomain (134ms)
			TypeCache.Refresh (114ms)
				TypeCache.ScanAssembly (101ms)
			ScanForSourceGeneratedMonoScriptInfo (13ms)
			ResolveRequiredComponents (5ms)
	FinalizeReload (456ms)
		ReleaseScriptCaches (0ms)
		RebuildScriptCaches (0ms)
		SetupLoadedEditorAssemblies (347ms)
			LogAssemblyErrors (0ms)
			InitializePlatformSupportModulesInManaged (6ms)
			SetLoadedEditorAssemblies (3ms)
			RefreshPlugins (0ms)
			BeforeProcessingInitializeOnLoad (56ms)
			ProcessInitializeOnLoadAttributes (257ms)
			ProcessInitializeOnLoadMethodAttributes (17ms)
			AfterProcessingInitializeOnLoad (8ms)
			EditorAssembliesLoaded (0ms)
		ExecutionOrderSort2 (0ms)
		AwakeInstancesAfterBackupRestoration (5ms)
Launched and connected shader compiler UnityShaderCompiler.exe after 0.04 seconds
Refreshing native plugins compatible for Editor in 3.88 ms, found 3 plugins.
Preloading 0 native plugins for Editor in 0.00 ms.
Unloading 3100 Unused Serialized files (Serialized files now loaded: 0)
Unloading 32 unused Assets / (56.9 KB). Loaded Objects now: 3561.
Memory consumption went from 121.3 MB to 121.3 MB.
Total: 2.693900 ms (FindLiveObjects: 0.216100 ms CreateObjectMapping: 0.071400 ms MarkObjects: 2.314300 ms  DeleteObjects: 0.091100 ms)

AssetImportParameters requested are different than current active one (requested -> active):
  custom:container-demuxer-ogg: 62fdf1f143b41e24485cea50d1cbac27 -> 
  custom:video-decoder-ogg-theora: a1e56fd34408186e4bbccfd4996cb3dc -> 
  custom:framework-win-MediaFoundation: 216162199b28c13a410421893ffa2e32 -> 
  custom:CustomObjectIndexerAttribute: 9a22284fe3817be447336de3de66b15e -> 
  custom:container-demuxer-webm: 4f35f7cbe854078d1ac9338744f61a02 -> 
  custom:container-muxer-webm: aa71ff27fc2769a1b78a27578f13a17b -> 
  custom:video-decoder-webm-vp8: 9c59270c3fd7afecdb556c50c9e8de78 -> 
  custom:SearchIndexIgnoredProperties: e643bd26f0fe6173181afceb89e7c659 -> 
  custom:AudioImporter_EditorPlatform: d09bf68614088b80899f8185d706f6e7 -> 
  custom:video-encoder-webm-vp8: eb34c28f22e8b96e1ab97ce403110664 -> 
  custom:audio-decoder-ogg-vorbis: bf7c407c2cedff20999df2af8eb42d56 -> 
  custom:audio-encoder-webm-vorbis: bf7c407c2cedff20999df2af8eb42d56 -> 
========================================================================
Received Import Request.
  Time since last request: 677624.879284 seconds.
  path: Assets/IGB101 Assignment 1 Aidan Hunter.unity
  artifactKey: Guid(f7fe6f18b94071146b0292e1aa796c19) Importer(815301076,1909f56bfc062723c751e8b465ee728b)
Start importing Assets/IGB101 Assignment 1 Aidan Hunter.unity using Guid(f7fe6f18b94071146b0292e1aa796c19) Importer(815301076,1909f56bfc062723c751e8b465ee728b)  -> (artifact id: 'a5f7d2acfb66f972831998c9cffac71c') in 0.002337 seconds
Number of updated asset objects reloaded before import = 0
Number of asset objects unloaded after import = 0
========================================================================
Received Prepare
Begin MonoManager ReloadAssembly
- Loaded All Assemblies, in  0.372 seconds
Refreshing native plugins compatible for Editor in 3.37 ms, found 3 plugins.
Native extension for WindowsStandalone target not found
Native extension for WebGL target not found
[Package Manager] Server::EnsureServerProcessIsRunning -- launch failed, reason: Unity was launched with the -noUpm command-line argument
[Package Manager] UpmClient::Send -- Unable to send message (not connected to UPM process).
[Package Manager] Cannot connect to Unity Package Manager local server
Mono: successfully reloaded assembly
- Finished resetting the current domain, in  0.866 seconds
Domain Reload Profiling: 1235ms
	BeginReloadAssembly (140ms)
		ExecutionOrderSort (0ms)
		DisableScriptedObjects (5ms)
		BackupInstance (0ms)
		ReleaseScriptingObjects (0ms)
		CreateAndSetChildDomain (31ms)
	RebuildCommonClasses (23ms)
	RebuildNativeTypeToScriptingClass (8ms)
	initialDomainReloadingComplete (26ms)
	LoadAllAssembliesAndSetupDomain (171ms)
		LoadAssemblies (235ms)
		RebuildTransferFunctionScriptingTraits (0ms)
		AnalyzeDomain (11ms)
			TypeCache.Refresh (5ms)
				TypeCache.ScanAssembly (0ms)
			ScanForSourceGeneratedMonoScriptInfo (0ms)
			ResolveRequiredComponents (4ms)
	FinalizeReload (866ms)
		ReleaseScriptCaches (0ms)
		RebuildScriptCaches (0ms)
		SetupLoadedEditorAssemblies (385ms)
			LogAssemblyErrors (0ms)
			InitializePlatformSupportModulesInManaged (10ms)
			SetLoadedEditorAssemblies (4ms)
			RefreshPlugins (0ms)
			BeforeProcessingInitializeOnLoad (78ms)
			ProcessInitializeOnLoadAttributes (265ms)
			ProcessInitializeOnLoadMethodAttributes (18ms)
			AfterProcessingInitializeOnLoad (9ms)
			EditorAssembliesLoaded (0ms)
		ExecutionOrderSort2 (0ms)
		AwakeInstancesAfterBackupRestoration (6ms)
Refreshing native plugins compatible for Editor in 5.23 ms, found 3 plugins.
Preloading 0 native plugins for Editor in 0.00 ms.
Unloading 3092 Unused Serialized files (Serialized files now loaded: 0)
Unloading 23 unused Assets / (31.1 KB). Loaded Objects now: 3564.
Memory consumption went from 122.1 MB to 122.1 MB.
Total: 3.447300 ms (FindLiveObjects: 0.414000 ms CreateObjectMapping: 0.093400 ms MarkObjects: 2.885800 ms  DeleteObjects: 0.053300 ms)

Prepare: number of updated asset objects reloaded= 0
AssetImportParameters requested are different than current active one (requested -> active):
  custom:container-demuxer-ogg: 62fdf1f143b41e24485cea50d1cbac27 -> 
  custom:video-decoder-ogg-theora: a1e56fd34408186e4bbccfd4996cb3dc -> 
  custom:framework-win-MediaFoundation: 216162199b28c13a410421893ffa2e32 -> 
  custom:CustomObjectIndexerAttribute: 9a22284fe3817be447336de3de66b15e -> 
  custom:container-demuxer-webm: 4f35f7cbe854078d1ac9338744f61a02 -> 
  custom:container-muxer-webm: aa71ff27fc2769a1b78a27578f13a17b -> 
  custom:video-decoder-webm-vp8: 9c59270c3fd7afecdb556c50c9e8de78 -> 
  custom:SearchIndexIgnoredProperties: e643bd26f0fe6173181afceb89e7c659 -> 
  custom:AudioImporter_EditorPlatform: d09bf68614088b80899f8185d706f6e7 -> 
  custom:video-encoder-webm-vp8: eb34c28f22e8b96e1ab97ce403110664 -> 
  custom:audio-decoder-ogg-vorbis: bf7c407c2cedff20999df2af8eb42d56 -> 
  custom:audio-encoder-webm-vorbis: bf7c407c2cedff20999df2af8eb42d56 -> 
========================================================================
Received Import Request.
  Time since last request: 197.138354 seconds.
  path: Assets/Dan Tran-Cong/Scenes
  artifactKey: Guid(1dcf08c26626b424994820bf4900b136) Importer(815301076,1909f56bfc062723c751e8b465ee728b)
Start importing Assets/Dan Tran-Cong/Scenes using Guid(1dcf08c26626b424994820bf4900b136) Importer(815301076,1909f56bfc062723c751e8b465ee728b)  -> (artifact id: 'f8c021a57fc5b1ddbac84926591e161c') in 0.001867 seconds
Number of updated asset objects reloaded before import = 0
Number of asset objects unloaded after import = 0
========================================================================
Received Import Request.
  Time since last request: 1.450603 seconds.
  path: Assets/Dan Tran-Cong/Scenes/Concrete floor.unity
  artifactKey: Guid(504ec58250b71a740b0547c60b7666cd) Importer(815301076,1909f56bfc062723c751e8b465ee728b)
Start importing Assets/Dan Tran-Cong/Scenes/Concrete floor.unity using Guid(504ec58250b71a740b0547c60b7666cd) Importer(815301076,1909f56bfc062723c751e8b465ee728b)  -> (artifact id: 'd5724179afad15c7e24a5bd20aa4abd8') in 0.000526 seconds
Number of updated asset objects reloaded before import = 0
Number of asset objects unloaded after import = 0
========================================================================
Received Import Request.
  Time since last request: 12.523009 seconds.
  path: Assets/Dan Tran-Cong/Materials and Textures/New Material 1.mat
  artifactKey: Guid(860332c3c6f087941882e0e381c9428f) Importer(815301076,1909f56bfc062723c751e8b465ee728b)
Start importing Assets/Dan Tran-Cong/Materials and Textures/New Material 1.mat using Guid(860332c3c6f087941882e0e381c9428f) Importer(815301076,1909f56bfc062723c751e8b465ee728b)  -> (artifact id: 'c6b1f711e350575b0b5bb2faf6a87453') in 0.216490 seconds
Number of updated asset objects reloaded before import = 0
Number of asset objects unloaded after import = 1
========================================================================
Received Import Request.
  Time since last request: 51.862693 seconds.
  path: Assets/Dan Tran-Cong/Materials and Textures/brick.mat
  artifactKey: Guid(e3dcf3dff02597c44ad7ecf0845aaa48) Importer(815301076,1909f56bfc062723c751e8b465ee728b)
Start importing Assets/Dan Tran-Cong/Materials and Textures/brick.mat using Guid(e3dcf3dff02597c44ad7ecf0845aaa48) Importer(815301076,1909f56bfc062723c751e8b465ee728b)  -> (artifact id: '6a991243d65eca984a82154e839b4cf5') in 0.014955 seconds
Number of updated asset objects reloaded before import = 0
Number of asset objects unloaded after import = 2
========================================================================
Received Import Request.
  Time since last request: 6.217850 seconds.
  path: Assets/Dan Tran-Cong/Materials and Textures/rock2.mat
  artifactKey: Guid(6a7c79699db57b747913d6f5d0d2942b) Importer(815301076,1909f56bfc062723c751e8b465ee728b)
Start importing Assets/Dan Tran-Cong/Materials and Textures/rock2.mat using Guid(6a7c79699db57b747913d6f5d0d2942b) Importer(815301076,1909f56bfc062723c751e8b465ee728b)  -> (artifact id: '03c0ffd3aee21b68cdcd96b9203c2261') in 0.012181 seconds
Number of updated asset objects reloaded before import = 0
Number of asset objects unloaded after import = 2
========================================================================
Received Import Request.
  Time since last request: 19.427128 seconds.
  path: Assets/Liam/Scenes
  artifactKey: Guid(0371ae7689abadc41975e130668df5f5) Importer(815301076,1909f56bfc062723c751e8b465ee728b)
Start importing Assets/Liam/Scenes using Guid(0371ae7689abadc41975e130668df5f5) Importer(815301076,1909f56bfc062723c751e8b465ee728b)  -> (artifact id: '5c3a1bf8c48117eedfaac89d9af9a732') in 0.000452 seconds
Number of updated asset objects reloaded before import = 0
Number of asset objects unloaded after import = 0
========================================================================
Received Import Request.
  Time since last request: 1.061471 seconds.
  path: Assets/Liam/Scenes/PA3.unity
  artifactKey: Guid(f189e7e59f6fae14ca230a91a82ab293) Importer(815301076,1909f56bfc062723c751e8b465ee728b)
Start importing Assets/Liam/Scenes/PA3.unity using Guid(f189e7e59f6fae14ca230a91a82ab293) Importer(815301076,1909f56bfc062723c751e8b465ee728b)  -> (artifact id: 'd7d1d10e191ca1c8c849c7dc0a41a52e') in 0.000460 seconds
Number of updated asset objects reloaded before import = 0
Number of asset objects unloaded after import = 0
========================================================================
Received Import Request.
  Time since last request: 10.540420 seconds.
  path: Assets/Aidan Hunter/Models and Prefabs/Models/Stone/materials/Wall-Stone-Model-01.mat
  artifactKey: Guid(2a14c57a69e73d74d86c75e7fe903485) Importer(815301076,1909f56bfc062723c751e8b465ee728b)
Start importing Assets/Aidan Hunter/Models and Prefabs/Models/Stone/materials/Wall-Stone-Model-01.mat using Guid(2a14c57a69e73d74d86c75e7fe903485) Importer(815301076,1909f56bfc062723c751e8b465ee728b)  -> (artifact id: 'e13b5cddee8e4f007b2b7fab40430f96') in 0.067395 seconds
Number of updated asset objects reloaded before import = 0
Number of asset objects unloaded after import = 2
========================================================================
Received Import Request.
  Time since last request: 129.724460 seconds.
  path: Assets/n9284583 - Daniel McGowan/IGB101 Assignment 1 Daniel McGowan n9284583.unity
  artifactKey: Guid(9a9f488c8e6201a4bab1ca48b3c05de2) Importer(815301076,1909f56bfc062723c751e8b465ee728b)
Start importing Assets/n9284583 - Daniel McGowan/IGB101 Assignment 1 Daniel McGowan n9284583.unity using Guid(9a9f488c8e6201a4bab1ca48b3c05de2) Importer(815301076,1909f56bfc062723c751e8b465ee728b)  -> (artifact id: '194c0fcb4b0a69b8cde452fdd8ddd9fb') in 0.000642 seconds
Number of updated asset objects reloaded before import = 0
Number of asset objects unloaded after import = 0
========================================================================
Received Import Request.
  Time since last request: 29.644350 seconds.
  path: Assets/n9284583 - Daniel McGowan/Materials and Textures/Trees_WorldSpace_FREE/Materials/SRP/TreeBarkCD.mat
  artifactKey: Guid(33e561d917c7cd94695961036c7c82ce) Importer(815301076,1909f56bfc062723c751e8b465ee728b)
Start importing Assets/n9284583 - Daniel McGowan/Materials and Textures/Trees_WorldSpace_FREE/Materials/SRP/TreeBarkCD.mat using Guid(33e561d917c7cd94695961036c7c82ce) Importer(815301076,1909f56bfc062723c751e8b465ee728b)  -> (artifact id: '254ff89f2beaab8e01c4e22090d5c94f') in 0.228655 seconds
Number of updated asset objects reloaded before import = 0
Number of asset objects unloaded after import = 4
